<?xml version="1.0" encoding="UTF-8"?>
<testsuite xmlns:xsi="http://www.w3.org/2001/XMLSchema-instance" xsi:noNamespaceSchemaLocation="https://maven.apache.org/surefire/maven-surefire-plugin/xsd/surefire-test-report-3.0.xsd" version="3.0" name="edu.yu.cs.com1320.project.stage4.impl.Stage4Test" time="0.021" tests="1" errors="0" skipped="0" failures="0">
  <properties>
[...]
</properties>
  <testcase name="Stage4Test" classname="edu.yu.cs.com1320.project.stage4.impl.Stage4Test" time="0.019">
    <system-out><![CDATA[1: edu.yu.cs.com1320.project.stage5.impl.DocumentImpl@483cbfcc
2: edu.yu.cs.com1320.project.stage5.impl.DocumentImpl@1cfdbe50
3: edu.yu.cs.com1320.project.stage5.impl.DocumentImpl@600b5c82
4: edu.yu.cs.com1320.project.stage5.impl.DocumentImpl@432de89c
5: edu.yu.cs.com1320.project.stage5.impl.DocumentImpl@3ac5b78d
6: edu.yu.cs.com1320.project.stage5.impl.DocumentImpl@350b76df
true

[edu.yu.cs.com1320.project.stage5.impl.DocumentImpl@3ac5b78d, edu.yu.cs.com1320.project.stage5.impl.DocumentImpl@483cbfcc, edu.yu.cs.com1320.project.stage5.impl.DocumentImpl@432de89c, edu.yu.cs.com1320.project.stage5.impl.DocumentImpl@600b5c82, edu.yu.cs.com1320.project.stage5.impl.DocumentImpl@350b76df, edu.yu.cs.com1320.project.stage5.impl.DocumentImpl@1cfdbe50]

GET TEST: edu.yu.cs.com1320.project.stage5.impl.DocumentImpl@2b00c287
*************************
appp
d
Thes
Thesee
appppp
helloabduwu273d
tooo
rock
awe244
These
Topiuy78990
Thesee
to

DELETE matching Meta data and keyWord 1 & 5: [Uri1, uri5]
DELETE matching Meta data and keyWord 3 & 6: [uri3, uri6]
shud be empy: []
shud be empy: []
shud be full  3 & 6: [edu.yu.cs.com1320.project.stage5.impl.DocumentImpl@600b5c82, edu.yu.cs.com1320.project.stage5.impl.DocumentImpl@350b76df]
shud still be empty 1,5: []
shud be full 1,5: [edu.yu.cs.com1320.project.stage5.impl.DocumentImpl@483cbfcc, edu.yu.cs.com1320.project.stage5.impl.DocumentImpl@3ac5b78d]
HOP[edu.yu.cs.com1320.project.stage5.impl.DocumentImpl@350b76df]
DELETING meta data and prefix 1,2,4,5: [uri2, Uri1, uri4]
SHUD BE EMPTY 1,2,4,5: []
SHUD BE full 1,2,4,5: [edu.yu.cs.com1320.project.stage5.impl.DocumentImpl@483cbfcc, edu.yu.cs.com1320.project.stage5.impl.DocumentImpl@432de89c, edu.yu.cs.com1320.project.stage5.impl.DocumentImpl@1cfdbe50]
_-----------------------------------------

Matching meta data and prefix 1,2,4,5: [edu.yu.cs.com1320.project.stage5.impl.DocumentImpl@483cbfcc, edu.yu.cs.com1320.project.stage5.impl.DocumentImpl@432de89c, edu.yu.cs.com1320.project.stage5.impl.DocumentImpl@3ac5b78d, edu.yu.cs.com1320.project.stage5.impl.DocumentImpl@1cfdbe50]
_-----------------------------------------

matching meta data 1,5,2,4: [edu.yu.cs.com1320.project.stage5.impl.DocumentImpl@1cfdbe50, edu.yu.cs.com1320.project.stage5.impl.DocumentImpl@483cbfcc, edu.yu.cs.com1320.project.stage5.impl.DocumentImpl@432de89c, edu.yu.cs.com1320.project.stage5.impl.DocumentImpl@3ac5b78d]
matching Meta data and keyWord 1 & 5: [edu.yu.cs.com1320.project.stage5.impl.DocumentImpl@3ac5b78d, edu.yu.cs.com1320.project.stage5.impl.DocumentImpl@483cbfcc]
matching meta data 3 & 6: [edu.yu.cs.com1320.project.stage5.impl.DocumentImpl@600b5c82, edu.yu.cs.com1320.project.stage5.impl.DocumentImpl@350b76df]
matching Meta data and keyWord 3 & 6: [edu.yu.cs.com1320.project.stage5.impl.DocumentImpl@600b5c82, edu.yu.cs.com1320.project.stage5.impl.DocumentImpl@350b76df]

_-----------------------------------------

ERROR
1    edu.yu.cs.com1320.project.stage5.impl.DocumentImpl@483cbfcc
5    edu.yu.cs.com1320.project.stage5.impl.DocumentImpl@3ac5b78d
TEST   edu.yu.cs.com1320.project.stage5.impl.DocumentImpl@2b00c287
uri2   edu.yu.cs.com1320.project.stage5.impl.DocumentImpl@1cfdbe50
uri4   edu.yu.cs.com1320.project.stage5.impl.DocumentImpl@432de89c
uri3   edu.yu.cs.com1320.project.stage5.impl.DocumentImpl@600b5c82
uri6   edu.yu.cs.com1320.project.stage5.impl.DocumentImpl@350b76df
uri5   edu.yu.cs.com1320.project.stage5.impl.DocumentImpl@3ac5b78d
Uri1   edu.yu.cs.com1320.project.stage5.impl.DocumentImpl@483cbfcc
7
Deleted URIs: 1 ,5 [Uri1, uri5]
[edu.yu.cs.com1320.project.stage5.impl.DocumentImpl@432de89c]

SHUD HAVE 3; [edu.yu.cs.com1320.project.stage5.impl.DocumentImpl@483cbfcc, edu.yu.cs.com1320.project.stage5.impl.DocumentImpl@3ac5b78d, edu.yu.cs.com1320.project.stage5.impl.DocumentImpl@432de89c]
Deleted URIs: 1 ,5 [Uri1, uri5]
TEST   edu.yu.cs.com1320.project.stage5.impl.DocumentImpl@2b00c287
uri2   edu.yu.cs.com1320.project.stage5.impl.DocumentImpl@1cfdbe50
uri4   edu.yu.cs.com1320.project.stage5.impl.DocumentImpl@432de89c
uri3   edu.yu.cs.com1320.project.stage5.impl.DocumentImpl@600b5c82
uri6   edu.yu.cs.com1320.project.stage5.impl.DocumentImpl@350b76df
5
1: null
2: edu.yu.cs.com1320.project.stage5.impl.DocumentImpl@1cfdbe50
3: edu.yu.cs.com1320.project.stage5.impl.DocumentImpl@600b5c82
4: edu.yu.cs.com1320.project.stage5.impl.DocumentImpl@432de89c
5: null
6: edu.yu.cs.com1320.project.stage5.impl.DocumentImpl@350b76df

[edu.yu.cs.com1320.project.stage5.impl.DocumentImpl@432de89c, edu.yu.cs.com1320.project.stage5.impl.DocumentImpl@350b76df, edu.yu.cs.com1320.project.stage5.impl.DocumentImpl@1cfdbe50]
[edu.yu.cs.com1320.project.stage5.impl.DocumentImpl@600b5c82, edu.yu.cs.com1320.project.stage5.impl.DocumentImpl@432de89c, edu.yu.cs.com1320.project.stage5.impl.DocumentImpl@350b76df]

_-----------------------------------------

[edu.yu.cs.com1320.project.stage5.impl.DocumentImpl@432de89c, edu.yu.cs.com1320.project.stage5.impl.DocumentImpl@600b5c82, edu.yu.cs.com1320.project.stage5.impl.DocumentImpl@350b76df, edu.yu.cs.com1320.project.stage5.impl.DocumentImpl@1cfdbe50]

TEST   edu.yu.cs.com1320.project.stage5.impl.DocumentImpl@2b00c287
uri3   edu.yu.cs.com1320.project.stage5.impl.DocumentImpl@600b5c82
uri4   edu.yu.cs.com1320.project.stage5.impl.DocumentImpl@432de89c
uri2   edu.yu.cs.com1320.project.stage5.impl.DocumentImpl@1cfdbe50
uri6   edu.yu.cs.com1320.project.stage5.impl.DocumentImpl@350b76df
5
HERE
null
[]
4
[edu.yu.cs.com1320.project.stage5.impl.DocumentImpl@432de89c, edu.yu.cs.com1320.project.stage5.impl.DocumentImpl@600b5c82, edu.yu.cs.com1320.project.stage5.impl.DocumentImpl@350b76df, edu.yu.cs.com1320.project.stage5.impl.DocumentImpl@1cfdbe50]
[uri2, uri3, uri6, uri4]
AGAIN
[]

Shud all be null:
1: null
2: null
3: null
4: null
5: null
6: null

Shud all be back:
1: null
2: edu.yu.cs.com1320.project.stage5.impl.DocumentImpl@1cfdbe50
3: edu.yu.cs.com1320.project.stage5.impl.DocumentImpl@600b5c82
4: edu.yu.cs.com1320.project.stage5.impl.DocumentImpl@432de89c
5: null
6: edu.yu.cs.com1320.project.stage5.impl.DocumentImpl@350b76df
[edu.yu.cs.com1320.project.stage5.impl.DocumentImpl@432de89c, edu.yu.cs.com1320.project.stage5.impl.DocumentImpl@600b5c82, edu.yu.cs.com1320.project.stage5.impl.DocumentImpl@350b76df, edu.yu.cs.com1320.project.stage5.impl.DocumentImpl@1cfdbe50]

_-----------------------------------------

]]></system-out>
  </testcase>
</testsuite>