<?xml version="1.0" encoding="UTF-8"?>
<testsuite xmlns:xsi="http://www.w3.org/2001/XMLSchema-instance" xsi:noNamespaceSchemaLocation="https://maven.apache.org/surefire/maven-surefire-plugin/xsd/surefire-test-report-3.0.xsd" version="3.0" name="edu.yu.cs.com1320.project.stage4.impl.Stage6Test" time="0.123" tests="4" errors="0" skipped="0" failures="0">
  <properties>
[...]
</properties>
  <testcase name="testBasicAPI" classname="edu.yu.cs.com1320.project.stage4.impl.Stage6Test" time="0.065"/>
  <testcase name="testDeletes" classname="edu.yu.cs.com1320.project.stage4.impl.Stage6Test" time="0.013"/>
  <testcase name="testLimits" classname="edu.yu.cs.com1320.project.stage4.impl.Stage6Test" time="0.027"/>
  <testcase name="testSearches" classname="edu.yu.cs.com1320.project.stage4.impl.Stage6Test" time="0.003"/>
</testsuite>