<?xml version="1.0" encoding="UTF-8"?>
<testsuite xmlns:xsi="http://www.w3.org/2001/XMLSchema-instance" xsi:noNamespaceSchemaLocation="https://maven.apache.org/surefire/maven-surefire-plugin/xsd/surefire-test-report-3.0.xsd" version="3.0" name="edu.yu.cs.com1320.project.stage4.impl.Stage4Test" time="0.027" tests="1" errors="0" skipped="0" failures="0">
  <properties>
[...]
</properties>
  <testcase name="Stage4Test" classname="edu.yu.cs.com1320.project.stage4.impl.Stage4Test" time="0.021">
    <system-out><![CDATA[1: edu.yu.cs.com1320.project.stage4.impl.DocumentImpl@3f781600
2: edu.yu.cs.com1320.project.stage4.impl.DocumentImpl@2b5ae5c7
3: edu.yu.cs.com1320.project.stage4.impl.DocumentImpl@506d3749
4: edu.yu.cs.com1320.project.stage4.impl.DocumentImpl@37751c2e
5: edu.yu.cs.com1320.project.stage4.impl.DocumentImpl@5c447605
6: edu.yu.cs.com1320.project.stage4.impl.DocumentImpl@71f3635a

GET TEST: edu.yu.cs.com1320.project.stage4.impl.DocumentImpl@6cb59fed
DELETING meta data and prefix 1,2,4,5: [uri2, Uri1, uri4, uri5]
SHUD BE EMPTY 1,2,3,4: []
SHUD BE full 1,2,3,4: [edu.yu.cs.com1320.project.stage4.impl.DocumentImpl@37751c2e, edu.yu.cs.com1320.project.stage4.impl.DocumentImpl@3f781600, edu.yu.cs.com1320.project.stage4.impl.DocumentImpl@5c447605, edu.yu.cs.com1320.project.stage4.impl.DocumentImpl@2b5ae5c7]
_-----------------------------------------

Matching meta data and prefix 1,2,4,5: [edu.yu.cs.com1320.project.stage4.impl.DocumentImpl@37751c2e, edu.yu.cs.com1320.project.stage4.impl.DocumentImpl@3f781600, edu.yu.cs.com1320.project.stage4.impl.DocumentImpl@5c447605, edu.yu.cs.com1320.project.stage4.impl.DocumentImpl@2b5ae5c7]
_-----------------------------------------

matching meta data 1,5,2,4: [edu.yu.cs.com1320.project.stage4.impl.DocumentImpl@2b5ae5c7, edu.yu.cs.com1320.project.stage4.impl.DocumentImpl@3f781600, edu.yu.cs.com1320.project.stage4.impl.DocumentImpl@37751c2e, edu.yu.cs.com1320.project.stage4.impl.DocumentImpl@5c447605]
matching Meta data and keyWord 1 & 5: [edu.yu.cs.com1320.project.stage4.impl.DocumentImpl@3f781600, edu.yu.cs.com1320.project.stage4.impl.DocumentImpl@5c447605]
matching meta data 3 & 6: [edu.yu.cs.com1320.project.stage4.impl.DocumentImpl@506d3749, edu.yu.cs.com1320.project.stage4.impl.DocumentImpl@71f3635a]
matching Meta data and keyWord 3 & 6: [edu.yu.cs.com1320.project.stage4.impl.DocumentImpl@506d3749, edu.yu.cs.com1320.project.stage4.impl.DocumentImpl@71f3635a]

_-----------------------------------------

Deleted URIs: 1 ,5 [Uri1, uri5]
[edu.yu.cs.com1320.project.stage4.impl.DocumentImpl@37751c2e]

SHUD HAVE 3; [edu.yu.cs.com1320.project.stage4.impl.DocumentImpl@5c447605, edu.yu.cs.com1320.project.stage4.impl.DocumentImpl@3f781600, edu.yu.cs.com1320.project.stage4.impl.DocumentImpl@37751c2e]
Deleted URIs: 1 ,5 [Uri1, uri5]
1: null
2: edu.yu.cs.com1320.project.stage4.impl.DocumentImpl@2b5ae5c7
3: edu.yu.cs.com1320.project.stage4.impl.DocumentImpl@506d3749
4: edu.yu.cs.com1320.project.stage4.impl.DocumentImpl@37751c2e
5: null
6: edu.yu.cs.com1320.project.stage4.impl.DocumentImpl@71f3635a

[edu.yu.cs.com1320.project.stage4.impl.DocumentImpl@37751c2e, edu.yu.cs.com1320.project.stage4.impl.DocumentImpl@71f3635a, edu.yu.cs.com1320.project.stage4.impl.DocumentImpl@2b5ae5c7]
[edu.yu.cs.com1320.project.stage4.impl.DocumentImpl@506d3749, edu.yu.cs.com1320.project.stage4.impl.DocumentImpl@37751c2e, edu.yu.cs.com1320.project.stage4.impl.DocumentImpl@71f3635a]

_-----------------------------------------
[uri2, uri3, uri6, uri4]

Shud all be null:
1: null
2: null
3: null
4: null
5: null
6: null

Shud all be back:
1: edu.yu.cs.com1320.project.stage4.impl.DocumentImpl@3f781600
2: edu.yu.cs.com1320.project.stage4.impl.DocumentImpl@2b5ae5c7
3: edu.yu.cs.com1320.project.stage4.impl.DocumentImpl@506d3749
4: edu.yu.cs.com1320.project.stage4.impl.DocumentImpl@37751c2e
5: edu.yu.cs.com1320.project.stage4.impl.DocumentImpl@5c447605
6: edu.yu.cs.com1320.project.stage4.impl.DocumentImpl@71f3635a
[edu.yu.cs.com1320.project.stage4.impl.DocumentImpl@5c447605, edu.yu.cs.com1320.project.stage4.impl.DocumentImpl@506d3749, edu.yu.cs.com1320.project.stage4.impl.DocumentImpl@3f781600, edu.yu.cs.com1320.project.stage4.impl.DocumentImpl@37751c2e, edu.yu.cs.com1320.project.stage4.impl.DocumentImpl@71f3635a, edu.yu.cs.com1320.project.stage4.impl.DocumentImpl@2b5ae5c7]

_-----------------------------------------

]]></system-out>
  </testcase>
</testsuite>